====== WebDriver manager ======
Driver [/Users/sunwookim/.wdm/drivers/chromedriver/mac_arm64/114.0.5735.90/chromedriver] found in cache
====== WebDriver manager ======
Driver [/Users/sunwookim/.wdm/drivers/chromedriver/mac_arm64/114.0.5735.90/chromedriver] found in cache
====== WebDriver manager ======
Driver [/Users/sunwookim/.wdm/drivers/chromedriver/mac_arm64/114.0.5735.90/chromedriver] found in cache
====== WebDriver manager ======
Driver [/Users/sunwookim/.wdm/drivers/chromedriver/mac_arm64/114.0.5735.90/chromedriver] found in cache
====== WebDriver manager ======
Driver [/Users/sunwookim/.wdm/drivers/chromedriver/mac_arm64/114.0.5735.90/chromedriver] found in cache
====== WebDriver manager ======
Driver [/Users/sunwookim/.wdm/drivers/chromedriver/mac_arm64/114.0.5735.90/chromedriver] found in cache
====== WebDriver manager ======
Get LATEST chromedriver version for google-chrome
About to download new driver from https://chromedriver.storage.googleapis.com/114.0.5735.90/chromedriver_mac_arm64.zip
Driver has been saved in cache [/Users/sunwookim/.wdm/drivers/chromedriver/mac_arm64/114.0.5735.90]
====== WebDriver manager ======
Driver [/Users/sunwookim/.wdm/drivers/chromedriver/mac_arm64/114.0.5735.90/chromedriver] found in cache
====== WebDriver manager ======
Driver [/Users/sunwookim/.wdm/drivers/chromedriver/mac_arm64/114.0.5735.90/chromedriver] found in cache
====== WebDriver manager ======
Driver [/Users/sunwookim/.wdm/drivers/chromedriver/mac_arm64/114.0.5735.90/chromedriver] found in cache
====== WebDriver manager ======
Driver [/Users/sunwookim/.wdm/drivers/chromedriver/mac_arm64/114.0.5735.90/chromedriver] found in cache
====== WebDriver manager ======
Driver [/Users/sunwookim/.wdm/drivers/chromedriver/mac_arm64/114.0.5735.90/chromedriver] found in cache
====== WebDriver manager ======
Driver [/Users/sunwookim/.wdm/drivers/chromedriver/mac_arm64/114.0.5735.90/chromedriver] found in cache
====== WebDriver manager ======
Driver [/Users/sunwookim/.wdm/drivers/chromedriver/mac_arm64/114.0.5735.90/chromedriver] found in cache
====== WebDriver manager ======
Driver [/Users/sunwookim/.wdm/drivers/chromedriver/mac_arm64/114.0.5735.90/chromedriver] found in cache
====== WebDriver manager ======
Driver [/Users/sunwookim/.wdm/drivers/chromedriver/mac_arm64/114.0.5735.90/chromedriver] found in cache
====== WebDriver manager ======
Driver [/Users/sunwookim/.wdm/drivers/chromedriver/mac_arm64/114.0.5735.90/chromedriver] found in cache
====== WebDriver manager ======
Driver [/Users/sunwookim/.wdm/drivers/chromedriver/mac_arm64/114.0.5735.90/chromedriver] found in cache
====== WebDriver manager ======
Driver [/Users/sunwookim/.wdm/drivers/chromedriver/mac_arm64/114.0.5735.90/chromedriver] found in cache
====== WebDriver manager ======
Driver [/Users/sunwookim/.wdm/drivers/chromedriver/mac_arm64/114.0.5735.90/chromedriver] found in cache
====== WebDriver manager ======
Driver [/Users/sunwookim/.wdm/drivers/chromedriver/mac_arm64/114.0.5735.90/chromedriver] found in cache
====== WebDriver manager ======
Driver [/Users/sunwookim/.wdm/drivers/chromedriver/mac_arm64/114.0.5735.90/chromedriver] found in cache
====== WebDriver manager ======
Driver [/Users/sunwookim/.wdm/drivers/chromedriver/mac_arm64/114.0.5735.90/chromedriver] found in cache
====== WebDriver manager ======
Driver [/Users/sunwookim/.wdm/drivers/chromedriver/mac_arm64/114.0.5735.90/chromedriver] found in cache
====== WebDriver manager ======
Driver [/Users/sunwookim/.wdm/drivers/chromedriver/mac_arm64/114.0.5735.90/chromedriver] found in cache
====== WebDriver manager ======
Driver [/Users/sunwookim/.wdm/drivers/chromedriver/mac_arm64/114.0.5735.90/chromedriver] found in cache
====== WebDriver manager ======
Driver [/Users/sunwookim/.wdm/drivers/chromedriver/mac_arm64/114.0.5735.90/chromedriver] found in cache
====== WebDriver manager ======
Driver [/Users/sunwookim/.wdm/drivers/chromedriver/mac_arm64/114.0.5735.90/chromedriver] found in cache
====== WebDriver manager ======
Driver [/Users/sunwookim/.wdm/drivers/chromedriver/mac_arm64/114.0.5735.90/chromedriver] found in cache
====== WebDriver manager ======
Driver [/Users/sunwookim/.wdm/drivers/chromedriver/mac_arm64/114.0.5735.90/chromedriver] found in cache
====== WebDriver manager ======
Driver [/Users/sunwookim/.wdm/drivers/chromedriver/mac_arm64/114.0.5735.90/chromedriver] found in cache
====== WebDriver manager ======
Driver [/Users/sunwookim/.wdm/drivers/chromedriver/mac_arm64/114.0.5735.90/chromedriver] found in cache
====== WebDriver manager ======
Driver [/Users/sunwookim/.wdm/drivers/chromedriver/mac_arm64/114.0.5735.90/chromedriver] found in cache
====== WebDriver manager ======
Driver [/Users/sunwookim/.wdm/drivers/chromedriver/mac_arm64/114.0.5735.90/chromedriver] found in cache
====== WebDriver manager ======
Driver [/Users/sunwookim/.wdm/drivers/chromedriver/mac_arm64/114.0.5735.90/chromedriver] found in cache
====== WebDriver manager ======
Driver [/Users/sunwookim/.wdm/drivers/chromedriver/mac_arm64/114.0.5735.90/chromedriver] found in cache
====== WebDriver manager ======
Driver [/Users/sunwookim/.wdm/drivers/chromedriver/mac_arm64/114.0.5735.90/chromedriver] found in cache
====== WebDriver manager ======
Driver [/Users/sunwookim/.wdm/drivers/chromedriver/mac_arm64/114.0.5735.90/chromedriver] found in cache
====== WebDriver manager ======
Driver [/Users/sunwookim/.wdm/drivers/chromedriver/mac_arm64/114.0.5735.90/chromedriver] found in cache
====== WebDriver manager ======
Driver [/Users/sunwookim/.wdm/drivers/chromedriver/mac_arm64/114.0.5735.90/chromedriver] found in cache
====== WebDriver manager ======
Driver [/Users/sunwookim/.wdm/drivers/chromedriver/mac_arm64/114.0.5735.90/chromedriver] found in cache
====== WebDriver manager ======
Driver [/Users/sunwookim/.wdm/drivers/chromedriver/mac_arm64/114.0.5735.90/chromedriver] found in cache
====== WebDriver manager ======
Driver [/Users/sunwookim/.wdm/drivers/chromedriver/mac_arm64/114.0.5735.90/chromedriver] found in cache
====== WebDriver manager ======
Driver [/Users/sunwookim/.wdm/drivers/chromedriver/mac_arm64/114.0.5735.90/chromedriver] found in cache
====== WebDriver manager ======
Driver [/Users/sunwookim/.wdm/drivers/chromedriver/mac_arm64/114.0.5735.90/chromedriver] found in cache
====== WebDriver manager ======
Driver [/Users/sunwookim/.wdm/drivers/chromedriver/mac_arm64/114.0.5735.90/chromedriver] found in cache
====== WebDriver manager ======
Driver [/Users/sunwookim/.wdm/drivers/chromedriver/mac_arm64/114.0.5735.90/chromedriver] found in cache
====== WebDriver manager ======
Driver [/Users/sunwookim/.wdm/drivers/chromedriver/mac_arm64/114.0.5735.90/chromedriver] found in cache
====== WebDriver manager ======
Driver [/Users/sunwookim/.wdm/drivers/chromedriver/mac_arm64/114.0.5735.90/chromedriver] found in cache
====== WebDriver manager ======
Driver [/Users/sunwookim/.wdm/drivers/chromedriver/mac_arm64/114.0.5735.90/chromedriver] found in cache
====== WebDriver manager ======
Driver [/Users/sunwookim/.wdm/drivers/chromedriver/mac_arm64/114.0.5735.90/chromedriver] found in cache
====== WebDriver manager ======
Driver [/Users/sunwookim/.wdm/drivers/chromedriver/mac_arm64/114.0.5735.90/chromedriver] found in cache
====== WebDriver manager ======
Driver [/Users/sunwookim/.wdm/drivers/chromedriver/mac_arm64/114.0.5735.90/chromedriver] found in cache
====== WebDriver manager ======
Driver [/Users/sunwookim/.wdm/drivers/chromedriver/mac_arm64/114.0.5735.90/chromedriver] found in cache
====== WebDriver manager ======
Driver [/Users/sunwookim/.wdm/drivers/chromedriver/mac_arm64/114.0.5735.90/chromedriver] found in cache
====== WebDriver manager ======
Driver [/Users/sunwookim/.wdm/drivers/chromedriver/mac_arm64/114.0.5735.90/chromedriver] found in cache
====== WebDriver manager ======
Driver [/Users/sunwookim/.wdm/drivers/chromedriver/mac_arm64/114.0.5735.90/chromedriver] found in cache
====== WebDriver manager ======
Driver [/Users/sunwookim/.wdm/drivers/chromedriver/mac_arm64/114.0.5735.90/chromedriver] found in cache
====== WebDriver manager ======
Driver [/Users/sunwookim/.wdm/drivers/chromedriver/mac_arm64/114.0.5735.90/chromedriver] found in cache
====== WebDriver manager ======
Driver [/Users/sunwookim/.wdm/drivers/chromedriver/mac_arm64/114.0.5735.90/chromedriver] found in cache
====== WebDriver manager ======
Driver [/Users/sunwookim/.wdm/drivers/chromedriver/mac_arm64/114.0.5735.90/chromedriver] found in cache
====== WebDriver manager ======
Driver [/Users/sunwookim/.wdm/drivers/chromedriver/mac_arm64/114.0.5735.90/chromedriver] found in cache
====== WebDriver manager ======
Driver [/Users/sunwookim/.wdm/drivers/chromedriver/mac_arm64/114.0.5735.90/chromedriver] found in cache
====== WebDriver manager ======
Driver [/Users/sunwookim/.wdm/drivers/chromedriver/mac_arm64/114.0.5735.90/chromedriver] found in cache
====== WebDriver manager ======
Driver [/Users/sunwookim/.wdm/drivers/chromedriver/mac_arm64/114.0.5735.90/chromedriver] found in cache
====== WebDriver manager ======
Driver [/Users/sunwookim/.wdm/drivers/chromedriver/mac_arm64/114.0.5735.90/chromedriver] found in cache
====== WebDriver manager ======
Driver [/Users/sunwookim/.wdm/drivers/chromedriver/mac_arm64/114.0.5735.90/chromedriver] found in cache
====== WebDriver manager ======
Driver [/Users/sunwookim/.wdm/drivers/chromedriver/mac_arm64/114.0.5735.90/chromedriver] found in cache
====== WebDriver manager ======
Driver [/Users/sunwookim/.wdm/drivers/chromedriver/mac_arm64/114.0.5735.90/chromedriver] found in cache
====== WebDriver manager ======
Driver [/Users/sunwookim/.wdm/drivers/chromedriver/mac_arm64/114.0.5735.90/chromedriver] found in cache
====== WebDriver manager ======
Driver [/Users/sunwookim/.wdm/drivers/chromedriver/mac_arm64/114.0.5735.90/chromedriver] found in cache
====== WebDriver manager ======
Driver [/Users/sunwookim/.wdm/drivers/chromedriver/mac_arm64/114.0.5735.90/chromedriver] found in cache
====== WebDriver manager ======
Driver [/Users/sunwookim/.wdm/drivers/chromedriver/mac_arm64/114.0.5735.90/chromedriver] found in cache
====== WebDriver manager ======
Driver [/Users/sunwookim/.wdm/drivers/chromedriver/mac_arm64/114.0.5735.90/chromedriver] found in cache
====== WebDriver manager ======
Driver [/Users/sunwookim/.wdm/drivers/chromedriver/mac_arm64/114.0.5735.90/chromedriver] found in cache
====== WebDriver manager ======
Driver [/Users/sunwookim/.wdm/drivers/chromedriver/mac_arm64/114.0.5735.90/chromedriver] found in cache
====== WebDriver manager ======
Driver [/Users/sunwookim/.wdm/drivers/chromedriver/mac_arm64/114.0.5735.90/chromedriver] found in cache
====== WebDriver manager ======
Driver [/Users/sunwookim/.wdm/drivers/chromedriver/mac_arm64/114.0.5735.90/chromedriver] found in cache
====== WebDriver manager ======
Driver [/Users/sunwookim/.wdm/drivers/chromedriver/mac_arm64/114.0.5735.90/chromedriver] found in cache
====== WebDriver manager ======
Driver [/Users/sunwookim/.wdm/drivers/chromedriver/mac_arm64/114.0.5735.90/chromedriver] found in cache
====== WebDriver manager ======
Driver [/Users/sunwookim/.wdm/drivers/chromedriver/mac_arm64/114.0.5735.90/chromedriver] found in cache
====== WebDriver manager ======
Driver [/Users/sunwookim/.wdm/drivers/chromedriver/mac_arm64/114.0.5735.90/chromedriver] found in cache
====== WebDriver manager ======
Driver [/Users/sunwookim/.wdm/drivers/chromedriver/mac_arm64/114.0.5735.90/chromedriver] found in cache
====== WebDriver manager ======
Driver [/Users/sunwookim/.wdm/drivers/chromedriver/mac_arm64/114.0.5735.90/chromedriver] found in cache
====== WebDriver manager ======
Driver [/Users/sunwookim/.wdm/drivers/chromedriver/mac_arm64/114.0.5735.90/chromedriver] found in cache
====== WebDriver manager ======
Driver [/Users/sunwookim/.wdm/drivers/chromedriver/mac_arm64/114.0.5735.90/chromedriver] found in cache
====== WebDriver manager ======
Driver [/Users/sunwookim/.wdm/drivers/chromedriver/mac_arm64/114.0.5735.90/chromedriver] found in cache
====== WebDriver manager ======
Driver [/Users/sunwookim/.wdm/drivers/chromedriver/mac_arm64/114.0.5735.90/chromedriver] found in cache
====== WebDriver manager ======
Driver [/Users/sunwookim/.wdm/drivers/chromedriver/mac_arm64/114.0.5735.90/chromedriver] found in cache
====== WebDriver manager ======
Driver [/Users/sunwookim/.wdm/drivers/chromedriver/mac_arm64/114.0.5735.90/chromedriver] found in cache
====== WebDriver manager ======
Driver [/Users/sunwookim/.wdm/drivers/chromedriver/mac_arm64/114.0.5735.90/chromedriver] found in cache
====== WebDriver manager ======
Driver [/Users/sunwookim/.wdm/drivers/chromedriver/mac_arm64/114.0.5735.90/chromedriver] found in cache
====== WebDriver manager ======
Driver [/Users/sunwookim/.wdm/drivers/chromedriver/mac_arm64/114.0.5735.90/chromedriver] found in cache
====== WebDriver manager ======
Driver [/Users/sunwookim/.wdm/drivers/chromedriver/mac_arm64/114.0.5735.90/chromedriver] found in cache
====== WebDriver manager ======
Driver [/Users/sunwookim/.wdm/drivers/chromedriver/mac_arm64/114.0.5735.90/chromedriver] found in cache
====== WebDriver manager ======
Driver [/Users/sunwookim/.wdm/drivers/chromedriver/mac_arm64/114.0.5735.90/chromedriver] found in cache
====== WebDriver manager ======
Driver [/Users/sunwookim/.wdm/drivers/chromedriver/mac_arm64/114.0.5735.90/chromedriver] found in cache
====== WebDriver manager ======
Driver [/Users/sunwookim/.wdm/drivers/chromedriver/mac_arm64/114.0.5735.90/chromedriver] found in cache
====== WebDriver manager ======
Driver [/Users/sunwookim/.wdm/drivers/chromedriver/mac_arm64/114.0.5735.90/chromedriver] found in cache
====== WebDriver manager ======
Driver [/Users/sunwookim/.wdm/drivers/chromedriver/mac_arm64/114.0.5735.90/chromedriver] found in cache
====== WebDriver manager ======
Driver [/Users/sunwookim/.wdm/drivers/chromedriver/mac_arm64/114.0.5735.90/chromedriver] found in cache
====== WebDriver manager ======
Driver [/Users/sunwookim/.wdm/drivers/chromedriver/mac_arm64/114.0.5735.90/chromedriver] found in cache
====== WebDriver manager ======
Driver [/Users/sunwookim/.wdm/drivers/chromedriver/mac_arm64/114.0.5735.90/chromedriver] found in cache
====== WebDriver manager ======
Driver [/Users/sunwookim/.wdm/drivers/chromedriver/mac_arm64/114.0.5735.90/chromedriver] found in cache
====== WebDriver manager ======
Driver [/Users/sunwookim/.wdm/drivers/chromedriver/mac_arm64/114.0.5735.90/chromedriver] found in cache
====== WebDriver manager ======
Driver [/Users/sunwookim/.wdm/drivers/chromedriver/mac_arm64/114.0.5735.90/chromedriver] found in cache
====== WebDriver manager ======
Driver [/Users/sunwookim/.wdm/drivers/chromedriver/mac_arm64/114.0.5735.90/chromedriver] found in cache
====== WebDriver manager ======
Driver [/Users/sunwookim/.wdm/drivers/chromedriver/mac_arm64/114.0.5735.90/chromedriver] found in cache
====== WebDriver manager ======
Driver [/Users/sunwookim/.wdm/drivers/chromedriver/mac_arm64/114.0.5735.90/chromedriver] found in cache
====== WebDriver manager ======
Driver [/Users/sunwookim/.wdm/drivers/chromedriver/mac_arm64/114.0.5735.90/chromedriver] found in cache
====== WebDriver manager ======
Driver [/Users/sunwookim/.wdm/drivers/chromedriver/mac_arm64/114.0.5735.90/chromedriver] found in cache
====== WebDriver manager ======
Driver [/Users/sunwookim/.wdm/drivers/chromedriver/mac_arm64/114.0.5735.90/chromedriver] found in cache
====== WebDriver manager ======
Driver [/Users/sunwookim/.wdm/drivers/chromedriver/mac_arm64/114.0.5735.90/chromedriver] found in cache
====== WebDriver manager ======
Driver [/Users/sunwookim/.wdm/drivers/chromedriver/mac_arm64/114.0.5735.90/chromedriver] found in cache
====== WebDriver manager ======
Driver [/Users/sunwookim/.wdm/drivers/chromedriver/mac_arm64/114.0.5735.90/chromedriver] found in cache
====== WebDriver manager ======
Driver [/Users/sunwookim/.wdm/drivers/chromedriver/mac_arm64/114.0.5735.90/chromedriver] found in cache
====== WebDriver manager ======
Driver [/Users/sunwookim/.wdm/drivers/chromedriver/mac_arm64/114.0.5735.90/chromedriver] found in cache
====== WebDriver manager ======
Driver [/Users/sunwookim/.wdm/drivers/chromedriver/mac_arm64/114.0.5735.90/chromedriver] found in cache
====== WebDriver manager ======
Driver [/Users/sunwookim/.wdm/drivers/chromedriver/mac_arm64/114.0.5735.90/chromedriver] found in cache
====== WebDriver manager ======
Driver [/Users/sunwookim/.wdm/drivers/chromedriver/mac_arm64/114.0.5735.90/chromedriver] found in cache
====== WebDriver manager ======
Driver [/Users/sunwookim/.wdm/drivers/chromedriver/mac_arm64/114.0.5735.90/chromedriver] found in cache
====== WebDriver manager ======
Driver [/Users/sunwookim/.wdm/drivers/chromedriver/mac_arm64/114.0.5735.90/chromedriver] found in cache
====== WebDriver manager ======
Driver [/Users/sunwookim/.wdm/drivers/chromedriver/mac_arm64/114.0.5735.90/chromedriver] found in cache
====== WebDriver manager ======
Driver [/Users/sunwookim/.wdm/drivers/chromedriver/mac_arm64/114.0.5735.90/chromedriver] found in cache
====== WebDriver manager ======
Driver [/Users/sunwookim/.wdm/drivers/chromedriver/mac_arm64/114.0.5735.90/chromedriver] found in cache
====== WebDriver manager ======
Driver [/Users/sunwookim/.wdm/drivers/chromedriver/mac_arm64/114.0.5735.90/chromedriver] found in cache
====== WebDriver manager ======
Driver [/Users/sunwookim/.wdm/drivers/chromedriver/mac_arm64/114.0.5735.90/chromedriver] found in cache
====== WebDriver manager ======
Driver [/Users/sunwookim/.wdm/drivers/chromedriver/mac_arm64/114.0.5735.90/chromedriver] found in cache
====== WebDriver manager ======
Driver [/Users/sunwookim/.wdm/drivers/chromedriver/mac_arm64/114.0.5735.90/chromedriver] found in cache
Retrying (Retry(total=2, connect=None, read=None, redirect=None, status=None)) after connection broken by 'NewConnectionError('<urllib3.connection.HTTPConnection object at 0x107e027f0>: Failed to establish a new connection: [Errno 61] Connection refused')': /session/91ffb88c392dc45b1d3bc78bfad86591/source
Retrying (Retry(total=1, connect=None, read=None, redirect=None, status=None)) after connection broken by 'NewConnectionError('<urllib3.connection.HTTPConnection object at 0x10d3a6040>: Failed to establish a new connection: [Errno 61] Connection refused')': /session/91ffb88c392dc45b1d3bc78bfad86591/source
Retrying (Retry(total=0, connect=None, read=None, redirect=None, status=None)) after connection broken by 'NewConnectionError('<urllib3.connection.HTTPConnection object at 0x10d3a6190>: Failed to establish a new connection: [Errno 61] Connection refused')': /session/91ffb88c392dc45b1d3bc78bfad86591/source
====== WebDriver manager ======
Driver [/Users/sunwookim/.wdm/drivers/chromedriver/mac_arm64/114.0.5735.90/chromedriver] found in cache
====== WebDriver manager ======
Driver [/Users/sunwookim/.wdm/drivers/chromedriver/mac_arm64/114.0.5735.90/chromedriver] found in cache
====== WebDriver manager ======
Driver [/Users/sunwookim/.wdm/drivers/chromedriver/mac_arm64/114.0.5735.90/chromedriver] found in cache
====== WebDriver manager ======
Driver [/Users/sunwookim/.wdm/drivers/chromedriver/mac_arm64/114.0.5735.90/chromedriver] found in cache
====== WebDriver manager ======
Driver [/Users/sunwookim/.wdm/drivers/chromedriver/mac_arm64/114.0.5735.90/chromedriver] found in cache
====== WebDriver manager ======
Driver [/Users/sunwookim/.wdm/drivers/chromedriver/mac_arm64/114.0.5735.90/chromedriver] found in cache
====== WebDriver manager ======
Driver [/Users/sunwookim/.wdm/drivers/chromedriver/mac_arm64/114.0.5735.90/chromedriver] found in cache
====== WebDriver manager ======
Driver [/Users/sunwookim/.wdm/drivers/chromedriver/mac_arm64/114.0.5735.90/chromedriver] found in cache
====== WebDriver manager ======
Driver [/Users/sunwookim/.wdm/drivers/chromedriver/mac_arm64/114.0.5735.90/chromedriver] found in cache
====== WebDriver manager ======
Driver [/Users/sunwookim/.wdm/drivers/chromedriver/mac_arm64/114.0.5735.90/chromedriver] found in cache
====== WebDriver manager ======
Driver [/Users/sunwookim/.wdm/drivers/chromedriver/mac_arm64/114.0.5735.90/chromedriver] found in cache
====== WebDriver manager ======
Driver [/Users/sunwookim/.wdm/drivers/chromedriver/mac_arm64/114.0.5735.90/chromedriver] found in cache
====== WebDriver manager ======
Driver [/Users/sunwookim/.wdm/drivers/chromedriver/mac_arm64/114.0.5735.90/chromedriver] found in cache
====== WebDriver manager ======
Driver [/Users/sunwookim/.wdm/drivers/chromedriver/mac_arm64/114.0.5735.90/chromedriver] found in cache
====== WebDriver manager ======
Driver [/Users/sunwookim/.wdm/drivers/chromedriver/mac_arm64/114.0.5735.90/chromedriver] found in cache
====== WebDriver manager ======
Driver [/Users/sunwookim/.wdm/drivers/chromedriver/mac_arm64/114.0.5735.90/chromedriver] found in cache
====== WebDriver manager ======
Driver [/Users/sunwookim/.wdm/drivers/chromedriver/mac_arm64/114.0.5735.90/chromedriver] found in cache
====== WebDriver manager ======
Driver [/Users/sunwookim/.wdm/drivers/chromedriver/mac_arm64/114.0.5735.90/chromedriver] found in cache
====== WebDriver manager ======
Driver [/Users/sunwookim/.wdm/drivers/chromedriver/mac_arm64/114.0.5735.90/chromedriver] found in cache
====== WebDriver manager ======
Driver [/Users/sunwookim/.wdm/drivers/chromedriver/mac_arm64/114.0.5735.90/chromedriver] found in cache
====== WebDriver manager ======
Driver [/Users/sunwookim/.wdm/drivers/chromedriver/mac_arm64/114.0.5735.90/chromedriver] found in cache
====== WebDriver manager ======
Driver [/Users/sunwookim/.wdm/drivers/chromedriver/mac_arm64/114.0.5735.90/chromedriver] found in cache
====== WebDriver manager ======
Driver [/Users/sunwookim/.wdm/drivers/chromedriver/mac_arm64/114.0.5735.90/chromedriver] found in cache
====== WebDriver manager ======
Driver [/Users/sunwookim/.wdm/drivers/chromedriver/mac_arm64/114.0.5735.90/chromedriver] found in cache
====== WebDriver manager ======
Driver [/Users/sunwookim/.wdm/drivers/chromedriver/mac_arm64/114.0.5735.90/chromedriver] found in cache
====== WebDriver manager ======
Driver [/Users/sunwookim/.wdm/drivers/chromedriver/mac_arm64/114.0.5735.90/chromedriver] found in cache
====== WebDriver manager ======
Driver [/Users/sunwookim/.wdm/drivers/chromedriver/mac_arm64/114.0.5735.90/chromedriver] found in cache
====== WebDriver manager ======
Driver [/Users/sunwookim/.wdm/drivers/chromedriver/mac_arm64/114.0.5735.90/chromedriver] found in cache
====== WebDriver manager ======
Driver [/Users/sunwookim/.wdm/drivers/chromedriver/mac_arm64/114.0.5735.90/chromedriver] found in cache
====== WebDriver manager ======
Driver [/Users/sunwookim/.wdm/drivers/chromedriver/mac_arm64/114.0.5735.90/chromedriver] found in cache
====== WebDriver manager ======
Driver [/Users/sunwookim/.wdm/drivers/chromedriver/mac_arm64/114.0.5735.90/chromedriver] found in cache
====== WebDriver manager ======
Driver [/Users/sunwookim/.wdm/drivers/chromedriver/mac_arm64/114.0.5735.90/chromedriver] found in cache
====== WebDriver manager ======
Driver [/Users/sunwookim/.wdm/drivers/chromedriver/mac_arm64/114.0.5735.90/chromedriver] found in cache
====== WebDriver manager ======
Driver [/Users/sunwookim/.wdm/drivers/chromedriver/mac_arm64/114.0.5735.90/chromedriver] found in cache
====== WebDriver manager ======
Driver [/Users/sunwookim/.wdm/drivers/chromedriver/mac_arm64/114.0.5735.90/chromedriver] found in cache
====== WebDriver manager ======
Driver [/Users/sunwookim/.wdm/drivers/chromedriver/mac_arm64/114.0.5735.90/chromedriver] found in cache
====== WebDriver manager ======
Driver [/Users/sunwookim/.wdm/drivers/chromedriver/mac_arm64/114.0.5735.90/chromedriver] found in cache
====== WebDriver manager ======
Driver [/Users/sunwookim/.wdm/drivers/chromedriver/mac_arm64/114.0.5735.90/chromedriver] found in cache
====== WebDriver manager ======
Driver [/Users/sunwookim/.wdm/drivers/chromedriver/mac_arm64/114.0.5735.90/chromedriver] found in cache
====== WebDriver manager ======
Driver [/Users/sunwookim/.wdm/drivers/chromedriver/mac_arm64/114.0.5735.90/chromedriver] found in cache
====== WebDriver manager ======
Driver [/Users/sunwookim/.wdm/drivers/chromedriver/mac_arm64/114.0.5735.90/chromedriver] found in cache
====== WebDriver manager ======
Driver [/Users/sunwookim/.wdm/drivers/chromedriver/mac_arm64/114.0.5735.90/chromedriver] found in cache
====== WebDriver manager ======
Driver [/Users/sunwookim/.wdm/drivers/chromedriver/mac_arm64/114.0.5735.90/chromedriver] found in cache
====== WebDriver manager ======
Driver [/Users/sunwookim/.wdm/drivers/chromedriver/mac_arm64/114.0.5735.90/chromedriver] found in cache
====== WebDriver manager ======
Driver [/Users/sunwookim/.wdm/drivers/chromedriver/mac_arm64/114.0.5735.90/chromedriver] found in cache
====== WebDriver manager ======
Driver [/Users/sunwookim/.wdm/drivers/chromedriver/mac_arm64/114.0.5735.90/chromedriver] found in cache
====== WebDriver manager ======
Driver [/Users/sunwookim/.wdm/drivers/chromedriver/mac_arm64/114.0.5735.90/chromedriver] found in cache
====== WebDriver manager ======
Driver [/Users/sunwookim/.wdm/drivers/chromedriver/mac_arm64/114.0.5735.90/chromedriver] found in cache
====== WebDriver manager ======
Driver [/Users/sunwookim/.wdm/drivers/chromedriver/mac_arm64/114.0.5735.90/chromedriver] found in cache
====== WebDriver manager ======
Driver [/Users/sunwookim/.wdm/drivers/chromedriver/mac_arm64/114.0.5735.90/chromedriver] found in cache
====== WebDriver manager ======
Driver [/Users/sunwookim/.wdm/drivers/chromedriver/mac_arm64/114.0.5735.90/chromedriver] found in cache
====== WebDriver manager ======
Driver [/Users/sunwookim/.wdm/drivers/chromedriver/mac_arm64/114.0.5735.90/chromedriver] found in cache
====== WebDriver manager ======
Driver [/Users/sunwookim/.wdm/drivers/chromedriver/mac_arm64/114.0.5735.90/chromedriver] found in cache
====== WebDriver manager ======
Driver [/Users/sunwookim/.wdm/drivers/chromedriver/mac_arm64/114.0.5735.90/chromedriver] found in cache
====== WebDriver manager ======
Driver [/Users/sunwookim/.wdm/drivers/chromedriver/mac_arm64/114.0.5735.90/chromedriver] found in cache
====== WebDriver manager ======
Driver [/Users/sunwookim/.wdm/drivers/chromedriver/mac_arm64/114.0.5735.90/chromedriver] found in cache
====== WebDriver manager ======
Driver [/Users/sunwookim/.wdm/drivers/chromedriver/mac_arm64/114.0.5735.90/chromedriver] found in cache
====== WebDriver manager ======
Driver [/Users/sunwookim/.wdm/drivers/chromedriver/mac_arm64/114.0.5735.90/chromedriver] found in cache
====== WebDriver manager ======
Driver [/Users/sunwookim/.wdm/drivers/chromedriver/mac_arm64/114.0.5735.90/chromedriver] found in cache
====== WebDriver manager ======
Driver [/Users/sunwookim/.wdm/drivers/chromedriver/mac_arm64/114.0.5735.90/chromedriver] found in cache
====== WebDriver manager ======
Driver [/Users/sunwookim/.wdm/drivers/chromedriver/mac_arm64/114.0.5735.90/chromedriver] found in cache
====== WebDriver manager ======
Driver [/Users/sunwookim/.wdm/drivers/chromedriver/mac_arm64/114.0.5735.90/chromedriver] found in cache
====== WebDriver manager ======
Driver [/Users/sunwookim/.wdm/drivers/chromedriver/mac_arm64/114.0.5735.90/chromedriver] found in cache
====== WebDriver manager ======
Driver [/Users/sunwookim/.wdm/drivers/chromedriver/mac_arm64/114.0.5735.90/chromedriver] found in cache
====== WebDriver manager ======
Driver [/Users/sunwookim/.wdm/drivers/chromedriver/mac_arm64/114.0.5735.90/chromedriver] found in cache
====== WebDriver manager ======
Driver [/Users/sunwookim/.wdm/drivers/chromedriver/mac_arm64/114.0.5735.90/chromedriver] found in cache
====== WebDriver manager ======
Driver [/Users/sunwookim/.wdm/drivers/chromedriver/mac_arm64/114.0.5735.90/chromedriver] found in cache
====== WebDriver manager ======
Driver [/Users/sunwookim/.wdm/drivers/chromedriver/mac_arm64/114.0.5735.90/chromedriver] found in cache
====== WebDriver manager ======
Driver [/Users/sunwookim/.wdm/drivers/chromedriver/mac_arm64/114.0.5735.90/chromedriver] found in cache
====== WebDriver manager ======
Driver [/Users/sunwookim/.wdm/drivers/chromedriver/mac_arm64/114.0.5735.90/chromedriver] found in cache
====== WebDriver manager ======
Driver [/Users/sunwookim/.wdm/drivers/chromedriver/mac_arm64/114.0.5735.90/chromedriver] found in cache
====== WebDriver manager ======
Driver [/Users/sunwookim/.wdm/drivers/chromedriver/mac_arm64/114.0.5735.90/chromedriver] found in cache
====== WebDriver manager ======
Driver [/Users/sunwookim/.wdm/drivers/chromedriver/mac_arm64/114.0.5735.90/chromedriver] found in cache
====== WebDriver manager ======
Driver [/Users/sunwookim/.wdm/drivers/chromedriver/mac_arm64/114.0.5735.90/chromedriver] found in cache
====== WebDriver manager ======
Driver [/Users/sunwookim/.wdm/drivers/chromedriver/mac_arm64/114.0.5735.90/chromedriver] found in cache
====== WebDriver manager ======
Driver [/Users/sunwookim/.wdm/drivers/chromedriver/mac_arm64/114.0.5735.90/chromedriver] found in cache
====== WebDriver manager ======
Driver [/Users/sunwookim/.wdm/drivers/chromedriver/mac_arm64/114.0.5735.90/chromedriver] found in cache
====== WebDriver manager ======
Driver [/Users/sunwookim/.wdm/drivers/chromedriver/mac_arm64/114.0.5735.90/chromedriver] found in cache
====== WebDriver manager ======
Driver [/Users/sunwookim/.wdm/drivers/chromedriver/mac_arm64/114.0.5735.90/chromedriver] found in cache
====== WebDriver manager ======
Driver [/Users/sunwookim/.wdm/drivers/chromedriver/mac_arm64/114.0.5735.90/chromedriver] found in cache
====== WebDriver manager ======
Driver [/Users/sunwookim/.wdm/drivers/chromedriver/mac_arm64/114.0.5735.90/chromedriver] found in cache
====== WebDriver manager ======
Driver [/Users/sunwookim/.wdm/drivers/chromedriver/mac_arm64/114.0.5735.90/chromedriver] found in cache
====== WebDriver manager ======
Driver [/Users/sunwookim/.wdm/drivers/chromedriver/mac_arm64/114.0.5735.90/chromedriver] found in cache
====== WebDriver manager ======
Driver [/Users/sunwookim/.wdm/drivers/chromedriver/mac_arm64/114.0.5735.90/chromedriver] found in cache
====== WebDriver manager ======
Driver [/Users/sunwookim/.wdm/drivers/chromedriver/mac_arm64/114.0.5735.90/chromedriver] found in cache
====== WebDriver manager ======
Driver [/Users/sunwookim/.wdm/drivers/chromedriver/mac_arm64/114.0.5735.90/chromedriver] found in cache
====== WebDriver manager ======
Driver [/Users/sunwookim/.wdm/drivers/chromedriver/mac_arm64/114.0.5735.90/chromedriver] found in cache
====== WebDriver manager ======
Driver [/Users/sunwookim/.wdm/drivers/chromedriver/mac_arm64/114.0.5735.90/chromedriver] found in cache
====== WebDriver manager ======
Driver [/Users/sunwookim/.wdm/drivers/chromedriver/mac_arm64/114.0.5735.90/chromedriver] found in cache
====== WebDriver manager ======
Driver [/Users/sunwookim/.wdm/drivers/chromedriver/mac_arm64/114.0.5735.90/chromedriver] found in cache
====== WebDriver manager ======
Driver [/Users/sunwookim/.wdm/drivers/chromedriver/mac_arm64/114.0.5735.90/chromedriver] found in cache
====== WebDriver manager ======
Driver [/Users/sunwookim/.wdm/drivers/chromedriver/mac_arm64/114.0.5735.90/chromedriver] found in cache
====== WebDriver manager ======
Driver [/Users/sunwookim/.wdm/drivers/chromedriver/mac_arm64/114.0.5735.90/chromedriver] found in cache
====== WebDriver manager ======
Driver [/Users/sunwookim/.wdm/drivers/chromedriver/mac_arm64/114.0.5735.90/chromedriver] found in cache
====== WebDriver manager ======
Driver [/Users/sunwookim/.wdm/drivers/chromedriver/mac_arm64/114.0.5735.90/chromedriver] found in cache
====== WebDriver manager ======
Driver [/Users/sunwookim/.wdm/drivers/chromedriver/mac_arm64/114.0.5735.90/chromedriver] found in cache
====== WebDriver manager ======
Driver [/Users/sunwookim/.wdm/drivers/chromedriver/mac_arm64/114.0.5735.90/chromedriver] found in cache
====== WebDriver manager ======
Driver [/Users/sunwookim/.wdm/drivers/chromedriver/mac_arm64/114.0.5735.90/chromedriver] found in cache
====== WebDriver manager ======
Driver [/Users/sunwookim/.wdm/drivers/chromedriver/mac_arm64/114.0.5735.90/chromedriver] found in cache
====== WebDriver manager ======
Driver [/Users/sunwookim/.wdm/drivers/chromedriver/mac_arm64/114.0.5735.90/chromedriver] found in cache
====== WebDriver manager ======
Driver [/Users/sunwookim/.wdm/drivers/chromedriver/mac_arm64/114.0.5735.90/chromedriver] found in cache
====== WebDriver manager ======
Driver [/Users/sunwookim/.wdm/drivers/chromedriver/mac_arm64/114.0.5735.90/chromedriver] found in cache
====== WebDriver manager ======
Driver [/Users/sunwookim/.wdm/drivers/chromedriver/mac_arm64/114.0.5735.90/chromedriver] found in cache
====== WebDriver manager ======
Driver [/Users/sunwookim/.wdm/drivers/chromedriver/mac_arm64/114.0.5735.90/chromedriver] found in cache
====== WebDriver manager ======
Driver [/Users/sunwookim/.wdm/drivers/chromedriver/mac_arm64/114.0.5735.90/chromedriver] found in cache
====== WebDriver manager ======
Driver [/Users/sunwookim/.wdm/drivers/chromedriver/mac_arm64/114.0.5735.90/chromedriver] found in cache
====== WebDriver manager ======
Driver [/Users/sunwookim/.wdm/drivers/chromedriver/mac_arm64/114.0.5735.90/chromedriver] found in cache
====== WebDriver manager ======
Driver [/Users/sunwookim/.wdm/drivers/chromedriver/mac_arm64/114.0.5735.90/chromedriver] found in cache
====== WebDriver manager ======
Driver [/Users/sunwookim/.wdm/drivers/chromedriver/mac_arm64/114.0.5735.90/chromedriver] found in cache
====== WebDriver manager ======
Driver [/Users/sunwookim/.wdm/drivers/chromedriver/mac_arm64/114.0.5735.90/chromedriver] found in cache
====== WebDriver manager ======
Driver [/Users/sunwookim/.wdm/drivers/chromedriver/mac_arm64/114.0.5735.90/chromedriver] found in cache
====== WebDriver manager ======
Driver [/Users/sunwookim/.wdm/drivers/chromedriver/mac_arm64/114.0.5735.90/chromedriver] found in cache
====== WebDriver manager ======
Driver [/Users/sunwookim/.wdm/drivers/chromedriver/mac_arm64/114.0.5735.90/chromedriver] found in cache
====== WebDriver manager ======
Driver [/Users/sunwookim/.wdm/drivers/chromedriver/mac_arm64/114.0.5735.90/chromedriver] found in cache
====== WebDriver manager ======
Driver [/Users/sunwookim/.wdm/drivers/chromedriver/mac_arm64/114.0.5735.90/chromedriver] found in cache
====== WebDriver manager ======
Driver [/Users/sunwookim/.wdm/drivers/chromedriver/mac_arm64/114.0.5735.90/chromedriver] found in cache
====== WebDriver manager ======
Driver [/Users/sunwookim/.wdm/drivers/chromedriver/mac_arm64/114.0.5735.90/chromedriver] found in cache
====== WebDriver manager ======
Driver [/Users/sunwookim/.wdm/drivers/chromedriver/mac_arm64/114.0.5735.90/chromedriver] found in cache
====== WebDriver manager ======
Driver [/Users/sunwookim/.wdm/drivers/chromedriver/mac_arm64/114.0.5735.90/chromedriver] found in cache
====== WebDriver manager ======
Driver [/Users/sunwookim/.wdm/drivers/chromedriver/mac_arm64/114.0.5735.90/chromedriver] found in cache
====== WebDriver manager ======
Driver [/Users/sunwookim/.wdm/drivers/chromedriver/mac_arm64/114.0.5735.90/chromedriver] found in cache
====== WebDriver manager ======
Driver [/Users/sunwookim/.wdm/drivers/chromedriver/mac_arm64/114.0.5735.90/chromedriver] found in cache
====== WebDriver manager ======
Driver [/Users/sunwookim/.wdm/drivers/chromedriver/mac_arm64/114.0.5735.90/chromedriver] found in cache
====== WebDriver manager ======
Driver [/Users/sunwookim/.wdm/drivers/chromedriver/mac_arm64/114.0.5735.90/chromedriver] found in cache
====== WebDriver manager ======
Driver [/Users/sunwookim/.wdm/drivers/chromedriver/mac_arm64/114.0.5735.90/chromedriver] found in cache
====== WebDriver manager ======
Driver [/Users/sunwookim/.wdm/drivers/chromedriver/mac_arm64/114.0.5735.90/chromedriver] found in cache
====== WebDriver manager ======
Driver [/Users/sunwookim/.wdm/drivers/chromedriver/mac_arm64/114.0.5735.90/chromedriver] found in cache
====== WebDriver manager ======
Driver [/Users/sunwookim/.wdm/drivers/chromedriver/mac_arm64/114.0.5735.90/chromedriver] found in cache
====== WebDriver manager ======
Driver [/Users/sunwookim/.wdm/drivers/chromedriver/mac_arm64/114.0.5735.90/chromedriver] found in cache
====== WebDriver manager ======
Driver [/Users/sunwookim/.wdm/drivers/chromedriver/mac_arm64/114.0.5735.90/chromedriver] found in cache
====== WebDriver manager ======
Driver [/Users/sunwookim/.wdm/drivers/chromedriver/mac_arm64/114.0.5735.90/chromedriver] found in cache
====== WebDriver manager ======
Driver [/Users/sunwookim/.wdm/drivers/chromedriver/mac_arm64/114.0.5735.90/chromedriver] found in cache
====== WebDriver manager ======
Driver [/Users/sunwookim/.wdm/drivers/chromedriver/mac_arm64/114.0.5735.90/chromedriver] found in cache
====== WebDriver manager ======
Driver [/Users/sunwookim/.wdm/drivers/chromedriver/mac_arm64/114.0.5735.90/chromedriver] found in cache
====== WebDriver manager ======
Driver [/Users/sunwookim/.wdm/drivers/chromedriver/mac_arm64/114.0.5735.90/chromedriver] found in cache
====== WebDriver manager ======
Driver [/Users/sunwookim/.wdm/drivers/chromedriver/mac_arm64/114.0.5735.90/chromedriver] found in cache
====== WebDriver manager ======
Driver [/Users/sunwookim/.wdm/drivers/chromedriver/mac_arm64/114.0.5735.90/chromedriver] found in cache
====== WebDriver manager ======
Driver [/Users/sunwookim/.wdm/drivers/chromedriver/mac_arm64/114.0.5735.90/chromedriver] found in cache
====== WebDriver manager ======
Driver [/Users/sunwookim/.wdm/drivers/chromedriver/mac_arm64/114.0.5735.90/chromedriver] found in cache
====== WebDriver manager ======
Driver [/Users/sunwookim/.wdm/drivers/chromedriver/mac_arm64/114.0.5735.90/chromedriver] found in cache
====== WebDriver manager ======
Driver [/Users/sunwookim/.wdm/drivers/chromedriver/mac_arm64/114.0.5735.90/chromedriver] found in cache
====== WebDriver manager ======
Driver [/Users/sunwookim/.wdm/drivers/chromedriver/mac_arm64/114.0.5735.90/chromedriver] found in cache
====== WebDriver manager ======
Driver [/Users/sunwookim/.wdm/drivers/chromedriver/mac_arm64/114.0.5735.90/chromedriver] found in cache
====== WebDriver manager ======
Driver [/Users/sunwookim/.wdm/drivers/chromedriver/mac_arm64/114.0.5735.90/chromedriver] found in cache
====== WebDriver manager ======
Driver [/Users/sunwookim/.wdm/drivers/chromedriver/mac_arm64/114.0.5735.90/chromedriver] found in cache
====== WebDriver manager ======
Driver [/Users/sunwookim/.wdm/drivers/chromedriver/mac_arm64/114.0.5735.90/chromedriver] found in cache
====== WebDriver manager ======
Driver [/Users/sunwookim/.wdm/drivers/chromedriver/mac_arm64/114.0.5735.90/chromedriver] found in cache
====== WebDriver manager ======
Driver [/Users/sunwookim/.wdm/drivers/chromedriver/mac_arm64/114.0.5735.90/chromedriver] found in cache
====== WebDriver manager ======
Driver [/Users/sunwookim/.wdm/drivers/chromedriver/mac_arm64/114.0.5735.90/chromedriver] found in cache
====== WebDriver manager ======
Driver [/Users/sunwookim/.wdm/drivers/chromedriver/mac_arm64/114.0.5735.90/chromedriver] found in cache
====== WebDriver manager ======
Driver [/Users/sunwookim/.wdm/drivers/chromedriver/mac_arm64/114.0.5735.90/chromedriver] found in cache
====== WebDriver manager ======
Driver [/Users/sunwookim/.wdm/drivers/chromedriver/mac_arm64/114.0.5735.90/chromedriver] found in cache
====== WebDriver manager ======
Driver [/Users/sunwookim/.wdm/drivers/chromedriver/mac_arm64/114.0.5735.90/chromedriver] found in cache
====== WebDriver manager ======
Driver [/Users/sunwookim/.wdm/drivers/chromedriver/mac_arm64/114.0.5735.90/chromedriver] found in cache
====== WebDriver manager ======
Driver [/Users/sunwookim/.wdm/drivers/chromedriver/mac_arm64/114.0.5735.90/chromedriver] found in cache
====== WebDriver manager ======
Driver [/Users/sunwookim/.wdm/drivers/chromedriver/mac_arm64/114.0.5735.90/chromedriver] found in cache
Retrying (Retry(total=2, connect=None, read=None, redirect=None, status=None)) after connection broken by 'ConnectionResetError(54, 'Connection reset by peer')': /session/8004f4a98fccd228c7f843917e2a11de/source
Retrying (Retry(total=1, connect=None, read=None, redirect=None, status=None)) after connection broken by 'NewConnectionError('<urllib3.connection.HTTPConnection object at 0x1065206a0>: Failed to establish a new connection: [Errno 61] Connection refused')': /session/8004f4a98fccd228c7f843917e2a11de/source
Retrying (Retry(total=0, connect=None, read=None, redirect=None, status=None)) after connection broken by 'NewConnectionError('<urllib3.connection.HTTPConnection object at 0x1065209a0>: Failed to establish a new connection: [Errno 61] Connection refused')': /session/8004f4a98fccd228c7f843917e2a11de/source
====== WebDriver manager ======
Driver [/Users/sunwookim/.wdm/drivers/chromedriver/mac_arm64/114.0.5735.90/chromedriver] found in cache
====== WebDriver manager ======
Driver [/Users/sunwookim/.wdm/drivers/chromedriver/mac_arm64/114.0.5735.90/chromedriver] found in cache
====== WebDriver manager ======
Driver [/Users/sunwookim/.wdm/drivers/chromedriver/mac_arm64/114.0.5735.90/chromedriver] found in cache
====== WebDriver manager ======
Driver [/Users/sunwookim/.wdm/drivers/chromedriver/mac_arm64/114.0.5735.90/chromedriver] found in cache
====== WebDriver manager ======
Driver [/Users/sunwookim/.wdm/drivers/chromedriver/mac_arm64/114.0.5735.90/chromedriver] found in cache
====== WebDriver manager ======
Driver [/Users/sunwookim/.wdm/drivers/chromedriver/mac_arm64/114.0.5735.90/chromedriver] found in cache
====== WebDriver manager ======
Driver [/Users/sunwookim/.wdm/drivers/chromedriver/mac_arm64/114.0.5735.90/chromedriver] found in cache
====== WebDriver manager ======
Driver [/Users/sunwookim/.wdm/drivers/chromedriver/mac_arm64/114.0.5735.90/chromedriver] found in cache
====== WebDriver manager ======
Driver [/Users/sunwookim/.wdm/drivers/chromedriver/mac_arm64/114.0.5735.90/chromedriver] found in cache
====== WebDriver manager ======
Driver [/Users/sunwookim/.wdm/drivers/chromedriver/mac_arm64/114.0.5735.90/chromedriver] found in cache
====== WebDriver manager ======
Driver [/Users/sunwookim/.wdm/drivers/chromedriver/mac_arm64/114.0.5735.90/chromedriver] found in cache
====== WebDriver manager ======
Driver [/Users/sunwookim/.wdm/drivers/chromedriver/mac_arm64/114.0.5735.90/chromedriver] found in cache
====== WebDriver manager ======
Driver [/Users/sunwookim/.wdm/drivers/chromedriver/mac_arm64/114.0.5735.90/chromedriver] found in cache
====== WebDriver manager ======
Driver [/Users/sunwookim/.wdm/drivers/chromedriver/mac_arm64/114.0.5735.90/chromedriver] found in cache
====== WebDriver manager ======
Driver [/Users/sunwookim/.wdm/drivers/chromedriver/mac_arm64/114.0.5735.90/chromedriver] found in cache
====== WebDriver manager ======
Driver [/Users/sunwookim/.wdm/drivers/chromedriver/mac_arm64/114.0.5735.90/chromedriver] found in cache
====== WebDriver manager ======
Driver [/Users/sunwookim/.wdm/drivers/chromedriver/mac_arm64/114.0.5735.90/chromedriver] found in cache
====== WebDriver manager ======
Driver [/Users/sunwookim/.wdm/drivers/chromedriver/mac_arm64/114.0.5735.90/chromedriver] found in cache
====== WebDriver manager ======
Driver [/Users/sunwookim/.wdm/drivers/chromedriver/mac_arm64/114.0.5735.90/chromedriver] found in cache
====== WebDriver manager ======
Driver [/Users/sunwookim/.wdm/drivers/chromedriver/mac_arm64/114.0.5735.90/chromedriver] found in cache
====== WebDriver manager ======
Driver [/Users/sunwookim/.wdm/drivers/chromedriver/mac_arm64/114.0.5735.90/chromedriver] found in cache
====== WebDriver manager ======
Driver [/Users/sunwookim/.wdm/drivers/chromedriver/mac_arm64/114.0.5735.90/chromedriver] found in cache
====== WebDriver manager ======
Driver [/Users/sunwookim/.wdm/drivers/chromedriver/mac_arm64/114.0.5735.90/chromedriver] found in cache
====== WebDriver manager ======
Driver [/Users/sunwookim/.wdm/drivers/chromedriver/mac_arm64/114.0.5735.90/chromedriver] found in cache
====== WebDriver manager ======
Driver [/Users/sunwookim/.wdm/drivers/chromedriver/mac_arm64/114.0.5735.90/chromedriver] found in cache
====== WebDriver manager ======
Driver [/Users/sunwookim/.wdm/drivers/chromedriver/mac_arm64/114.0.5735.90/chromedriver] found in cache
====== WebDriver manager ======
Driver [/Users/sunwookim/.wdm/drivers/chromedriver/mac_arm64/114.0.5735.90/chromedriver] found in cache
====== WebDriver manager ======
Driver [/Users/sunwookim/.wdm/drivers/chromedriver/mac_arm64/114.0.5735.90/chromedriver] found in cache
====== WebDriver manager ======
Driver [/Users/sunwookim/.wdm/drivers/chromedriver/mac_arm64/114.0.5735.90/chromedriver] found in cache
====== WebDriver manager ======
Driver [/Users/sunwookim/.wdm/drivers/chromedriver/mac_arm64/114.0.5735.90/chromedriver] found in cache
====== WebDriver manager ======
Driver [/Users/sunwookim/.wdm/drivers/chromedriver/mac_arm64/114.0.5735.90/chromedriver] found in cache
====== WebDriver manager ======
Driver [/Users/sunwookim/.wdm/drivers/chromedriver/mac_arm64/114.0.5735.90/chromedriver] found in cache
====== WebDriver manager ======
Driver [/Users/sunwookim/.wdm/drivers/chromedriver/mac_arm64/114.0.5735.90/chromedriver] found in cache
====== WebDriver manager ======
Driver [/Users/sunwookim/.wdm/drivers/chromedriver/mac_arm64/114.0.5735.90/chromedriver] found in cache
====== WebDriver manager ======
Driver [/Users/sunwookim/.wdm/drivers/chromedriver/mac_arm64/114.0.5735.90/chromedriver] found in cache
====== WebDriver manager ======
Driver [/Users/sunwookim/.wdm/drivers/chromedriver/mac_arm64/114.0.5735.90/chromedriver] found in cache
====== WebDriver manager ======
Driver [/Users/sunwookim/.wdm/drivers/chromedriver/mac_arm64/114.0.5735.90/chromedriver] found in cache
====== WebDriver manager ======
Driver [/Users/sunwookim/.wdm/drivers/chromedriver/mac_arm64/114.0.5735.90/chromedriver] found in cache
====== WebDriver manager ======
Driver [/Users/sunwookim/.wdm/drivers/chromedriver/mac_arm64/114.0.5735.90/chromedriver] found in cache
====== WebDriver manager ======
Driver [/Users/sunwookim/.wdm/drivers/chromedriver/mac_arm64/114.0.5735.90/chromedriver] found in cache
====== WebDriver manager ======
Driver [/Users/sunwookim/.wdm/drivers/chromedriver/mac_arm64/114.0.5735.90/chromedriver] found in cache
====== WebDriver manager ======
Driver [/Users/sunwookim/.wdm/drivers/chromedriver/mac_arm64/114.0.5735.90/chromedriver] found in cache
====== WebDriver manager ======
Driver [/Users/sunwookim/.wdm/drivers/chromedriver/mac_arm64/114.0.5735.90/chromedriver] found in cache
====== WebDriver manager ======
Driver [/Users/sunwookim/.wdm/drivers/chromedriver/mac_arm64/114.0.5735.90/chromedriver] found in cache
====== WebDriver manager ======
Driver [/Users/sunwookim/.wdm/drivers/chromedriver/mac_arm64/114.0.5735.90/chromedriver] found in cache
====== WebDriver manager ======
Driver [/Users/sunwookim/.wdm/drivers/chromedriver/mac_arm64/114.0.5735.90/chromedriver] found in cache
====== WebDriver manager ======
Driver [/Users/sunwookim/.wdm/drivers/chromedriver/mac_arm64/114.0.5735.90/chromedriver] found in cache
====== WebDriver manager ======
Driver [/Users/sunwookim/.wdm/drivers/chromedriver/mac_arm64/114.0.5735.90/chromedriver] found in cache
====== WebDriver manager ======
Driver [/Users/sunwookim/.wdm/drivers/chromedriver/mac_arm64/114.0.5735.90/chromedriver] found in cache
====== WebDriver manager ======
Driver [/Users/sunwookim/.wdm/drivers/chromedriver/mac_arm64/114.0.5735.90/chromedriver] found in cache
====== WebDriver manager ======
Driver [/Users/sunwookim/.wdm/drivers/chromedriver/mac_arm64/114.0.5735.90/chromedriver] found in cache
====== WebDriver manager ======
Driver [/Users/sunwookim/.wdm/drivers/chromedriver/mac_arm64/114.0.5735.90/chromedriver] found in cache
====== WebDriver manager ======
Driver [/Users/sunwookim/.wdm/drivers/chromedriver/mac_arm64/114.0.5735.90/chromedriver] found in cache
====== WebDriver manager ======
Driver [/Users/sunwookim/.wdm/drivers/chromedriver/mac_arm64/114.0.5735.90/chromedriver] found in cache
====== WebDriver manager ======
Driver [/Users/sunwookim/.wdm/drivers/chromedriver/mac_arm64/114.0.5735.90/chromedriver] found in cache
====== WebDriver manager ======
Driver [/Users/sunwookim/.wdm/drivers/chromedriver/mac_arm64/114.0.5735.90/chromedriver] found in cache
====== WebDriver manager ======
Driver [/Users/sunwookim/.wdm/drivers/chromedriver/mac_arm64/114.0.5735.90/chromedriver] found in cache
====== WebDriver manager ======
Driver [/Users/sunwookim/.wdm/drivers/chromedriver/mac_arm64/114.0.5735.90/chromedriver] found in cache
Retrying (Retry(total=2, connect=None, read=None, redirect=None, status=None)) after connection broken by 'NewConnectionError('<urllib3.connection.HTTPConnection object at 0x104249370>: Failed to establish a new connection: [Errno 61] Connection refused')': /session/ec2f9044bedda087692e832b098a6812/source
Retrying (Retry(total=1, connect=None, read=None, redirect=None, status=None)) after connection broken by 'NewConnectionError('<urllib3.connection.HTTPConnection object at 0x103e6ba60>: Failed to establish a new connection: [Errno 61] Connection refused')': /session/ec2f9044bedda087692e832b098a6812/source
Retrying (Retry(total=0, connect=None, read=None, redirect=None, status=None)) after connection broken by 'NewConnectionError('<urllib3.connection.HTTPConnection object at 0x104503b50>: Failed to establish a new connection: [Errno 61] Connection refused')': /session/ec2f9044bedda087692e832b098a6812/source
====== WebDriver manager ======
Driver [/Users/sunwookim/.wdm/drivers/chromedriver/mac_arm64/114.0.5735.90/chromedriver] found in cache
====== WebDriver manager ======
Driver [/Users/sunwookim/.wdm/drivers/chromedriver/mac_arm64/114.0.5735.90/chromedriver] found in cache
====== WebDriver manager ======
Driver [/Users/sunwookim/.wdm/drivers/chromedriver/mac_arm64/114.0.5735.90/chromedriver] found in cache
====== WebDriver manager ======
Driver [/Users/sunwookim/.wdm/drivers/chromedriver/mac_arm64/114.0.5735.90/chromedriver] found in cache
====== WebDriver manager ======
Driver [/Users/sunwookim/.wdm/drivers/chromedriver/mac_arm64/114.0.5735.90/chromedriver] found in cache
====== WebDriver manager ======
Driver [/Users/sunwookim/.wdm/drivers/chromedriver/mac_arm64/114.0.5735.90/chromedriver] found in cache
====== WebDriver manager ======
Driver [/Users/sunwookim/.wdm/drivers/chromedriver/mac_arm64/114.0.5735.90/chromedriver] found in cache
====== WebDriver manager ======
Driver [/Users/sunwookim/.wdm/drivers/chromedriver/mac_arm64/114.0.5735.90/chromedriver] found in cache
====== WebDriver manager ======
Driver [/Users/sunwookim/.wdm/drivers/chromedriver/mac_arm64/114.0.5735.90/chromedriver] found in cache
====== WebDriver manager ======
Driver [/Users/sunwookim/.wdm/drivers/chromedriver/mac_arm64/114.0.5735.90/chromedriver] found in cache
====== WebDriver manager ======
Driver [/Users/sunwookim/.wdm/drivers/chromedriver/mac_arm64/114.0.5735.90/chromedriver] found in cache
====== WebDriver manager ======
Driver [/Users/sunwookim/.wdm/drivers/chromedriver/mac_arm64/114.0.5735.90/chromedriver] found in cache
====== WebDriver manager ======
Driver [/Users/sunwookim/.wdm/drivers/chromedriver/mac_arm64/114.0.5735.90/chromedriver] found in cache
====== WebDriver manager ======
Driver [/Users/sunwookim/.wdm/drivers/chromedriver/mac_arm64/114.0.5735.90/chromedriver] found in cache
====== WebDriver manager ======
Driver [/Users/sunwookim/.wdm/drivers/chromedriver/mac_arm64/114.0.5735.90/chromedriver] found in cache
====== WebDriver manager ======
Driver [/Users/sunwookim/.wdm/drivers/chromedriver/mac_arm64/114.0.5735.90/chromedriver] found in cache
====== WebDriver manager ======
Driver [/Users/sunwookim/.wdm/drivers/chromedriver/mac_arm64/114.0.5735.90/chromedriver] found in cache
====== WebDriver manager ======
Driver [/Users/sunwookim/.wdm/drivers/chromedriver/mac_arm64/114.0.5735.90/chromedriver] found in cache
====== WebDriver manager ======
Driver [/Users/sunwookim/.wdm/drivers/chromedriver/mac_arm64/114.0.5735.90/chromedriver] found in cache
====== WebDriver manager ======
Driver [/Users/sunwookim/.wdm/drivers/chromedriver/mac_arm64/114.0.5735.90/chromedriver] found in cache
====== WebDriver manager ======
Driver [/Users/sunwookim/.wdm/drivers/chromedriver/mac_arm64/114.0.5735.90/chromedriver] found in cache
====== WebDriver manager ======
Driver [/Users/sunwookim/.wdm/drivers/chromedriver/mac_arm64/114.0.5735.90/chromedriver] found in cache
====== WebDriver manager ======
Driver [/Users/sunwookim/.wdm/drivers/chromedriver/mac_arm64/114.0.5735.90/chromedriver] found in cache
====== WebDriver manager ======
Driver [/Users/sunwookim/.wdm/drivers/chromedriver/mac_arm64/114.0.5735.90/chromedriver] found in cache
====== WebDriver manager ======
Driver [/Users/sunwookim/.wdm/drivers/chromedriver/mac_arm64/114.0.5735.90/chromedriver] found in cache
====== WebDriver manager ======
Driver [/Users/sunwookim/.wdm/drivers/chromedriver/mac_arm64/114.0.5735.90/chromedriver] found in cache
====== WebDriver manager ======
Driver [/Users/sunwookim/.wdm/drivers/chromedriver/mac_arm64/114.0.5735.90/chromedriver] found in cache
====== WebDriver manager ======
Driver [/Users/sunwookim/.wdm/drivers/chromedriver/mac_arm64/114.0.5735.90/chromedriver] found in cache
====== WebDriver manager ======
Driver [/Users/sunwookim/.wdm/drivers/chromedriver/mac_arm64/114.0.5735.90/chromedriver] found in cache
====== WebDriver manager ======
Driver [/Users/sunwookim/.wdm/drivers/chromedriver/mac_arm64/114.0.5735.90/chromedriver] found in cache
====== WebDriver manager ======
Driver [/Users/sunwookim/.wdm/drivers/chromedriver/mac_arm64/114.0.5735.90/chromedriver] found in cache
====== WebDriver manager ======
Driver [/Users/sunwookim/.wdm/drivers/chromedriver/mac_arm64/114.0.5735.90/chromedriver] found in cache
Retrying (Retry(total=2, connect=None, read=None, redirect=None, status=None)) after connection broken by 'ConnectionResetError(54, 'Connection reset by peer')': /session/ad9e088f20a918056d8cf7598f3834e3/source
Retrying (Retry(total=1, connect=None, read=None, redirect=None, status=None)) after connection broken by 'NewConnectionError('<urllib3.connection.HTTPConnection object at 0x107f74400>: Failed to establish a new connection: [Errno 61] Connection refused')': /session/ad9e088f20a918056d8cf7598f3834e3/source
Retrying (Retry(total=0, connect=None, read=None, redirect=None, status=None)) after connection broken by 'NewConnectionError('<urllib3.connection.HTTPConnection object at 0x107f746d0>: Failed to establish a new connection: [Errno 61] Connection refused')': /session/ad9e088f20a918056d8cf7598f3834e3/source
====== WebDriver manager ======
Driver [/Users/sunwookim/.wdm/drivers/chromedriver/mac_arm64/114.0.5735.90/chromedriver] found in cache
====== WebDriver manager ======
Driver [/Users/sunwookim/.wdm/drivers/chromedriver/mac_arm64/114.0.5735.90/chromedriver] found in cache
====== WebDriver manager ======
Driver [/Users/sunwookim/.wdm/drivers/chromedriver/mac_arm64/114.0.5735.90/chromedriver] found in cache
====== WebDriver manager ======
Driver [/Users/sunwookim/.wdm/drivers/chromedriver/mac_arm64/114.0.5735.90/chromedriver] found in cache
====== WebDriver manager ======
Driver [/Users/sunwookim/.wdm/drivers/chromedriver/mac_arm64/114.0.5735.90/chromedriver] found in cache
====== WebDriver manager ======
Driver [/Users/sunwookim/.wdm/drivers/chromedriver/mac_arm64/114.0.5735.90/chromedriver] found in cache
====== WebDriver manager ======
Driver [/Users/sunwookim/.wdm/drivers/chromedriver/mac_arm64/114.0.5735.90/chromedriver] found in cache
====== WebDriver manager ======
Driver [/Users/sunwookim/.wdm/drivers/chromedriver/mac_arm64/114.0.5735.90/chromedriver] found in cache
====== WebDriver manager ======
Driver [/Users/sunwookim/.wdm/drivers/chromedriver/mac_arm64/114.0.5735.90/chromedriver] found in cache
====== WebDriver manager ======
Driver [/Users/sunwookim/.wdm/drivers/chromedriver/mac_arm64/114.0.5735.90/chromedriver] found in cache
====== WebDriver manager ======
Driver [/Users/sunwookim/.wdm/drivers/chromedriver/mac_arm64/114.0.5735.90/chromedriver] found in cache
====== WebDriver manager ======
Driver [/Users/sunwookim/.wdm/drivers/chromedriver/mac_arm64/114.0.5735.90/chromedriver] found in cache
====== WebDriver manager ======
Driver [/Users/sunwookim/.wdm/drivers/chromedriver/mac_arm64/114.0.5735.90/chromedriver] found in cache
====== WebDriver manager ======
Driver [/Users/sunwookim/.wdm/drivers/chromedriver/mac_arm64/114.0.5735.90/chromedriver] found in cache
====== WebDriver manager ======
Driver [/Users/sunwookim/.wdm/drivers/chromedriver/mac_arm64/114.0.5735.90/chromedriver] found in cache
====== WebDriver manager ======
Driver [/Users/sunwookim/.wdm/drivers/chromedriver/mac_arm64/114.0.5735.90/chromedriver] found in cache
====== WebDriver manager ======
Driver [/Users/sunwookim/.wdm/drivers/chromedriver/mac_arm64/114.0.5735.90/chromedriver] found in cache
====== WebDriver manager ======
Driver [/Users/sunwookim/.wdm/drivers/chromedriver/mac_arm64/114.0.5735.90/chromedriver] found in cache
====== WebDriver manager ======
Driver [/Users/sunwookim/.wdm/drivers/chromedriver/mac_arm64/114.0.5735.90/chromedriver] found in cache
====== WebDriver manager ======
Driver [/Users/sunwookim/.wdm/drivers/chromedriver/mac_arm64/114.0.5735.90/chromedriver] found in cache
====== WebDriver manager ======
Driver [/Users/sunwookim/.wdm/drivers/chromedriver/mac_arm64/114.0.5735.90/chromedriver] found in cache
====== WebDriver manager ======
Driver [/Users/sunwookim/.wdm/drivers/chromedriver/mac_arm64/114.0.5735.90/chromedriver] found in cache
====== WebDriver manager ======
Driver [/Users/sunwookim/.wdm/drivers/chromedriver/mac_arm64/114.0.5735.90/chromedriver] found in cache
====== WebDriver manager ======
Driver [/Users/sunwookim/.wdm/drivers/chromedriver/mac_arm64/114.0.5735.90/chromedriver] found in cache
====== WebDriver manager ======
Driver [/Users/sunwookim/.wdm/drivers/chromedriver/mac_arm64/114.0.5735.90/chromedriver] found in cache
====== WebDriver manager ======
Driver [/Users/sunwookim/.wdm/drivers/chromedriver/mac_arm64/114.0.5735.90/chromedriver] found in cache
====== WebDriver manager ======
Driver [/Users/sunwookim/.wdm/drivers/chromedriver/mac_arm64/114.0.5735.90/chromedriver] found in cache
====== WebDriver manager ======
Driver [/Users/sunwookim/.wdm/drivers/chromedriver/mac_arm64/114.0.5735.90/chromedriver] found in cache
====== WebDriver manager ======
Driver [/Users/sunwookim/.wdm/drivers/chromedriver/mac_arm64/114.0.5735.90/chromedriver] found in cache
====== WebDriver manager ======
Driver [/Users/sunwookim/.wdm/drivers/chromedriver/mac_arm64/114.0.5735.90/chromedriver] found in cache
====== WebDriver manager ======
Driver [/Users/sunwookim/.wdm/drivers/chromedriver/mac_arm64/114.0.5735.90/chromedriver] found in cache
====== WebDriver manager ======
Driver [/Users/sunwookim/.wdm/drivers/chromedriver/mac_arm64/114.0.5735.90/chromedriver] found in cache
